{"backgrid-text-cell.js":{"path":"backgrid-text-cell.js","s":{"1":1,"2":1,"3":0,"4":1,"5":1,"6":6,"7":6,"8":6,"9":6,"10":7,"11":2,"12":2,"13":7,"14":7,"15":7,"16":7,"17":7,"18":1,"19":1,"20":1,"21":1,"22":6,"23":2,"24":2,"25":4,"26":0,"27":0,"28":0,"29":4,"30":4,"31":4,"32":1},"b":{"1":[0,1],"2":[2,5],"3":[7,7],"4":[1,6],"5":[1,0],"6":[2,4],"7":[6,6,5,5,2],"8":[5,1],"9":[0,4],"10":[0,0]},"f":{"1":1,"2":1,"3":6,"4":7,"5":0,"6":4,"7":4},"fnMap":{"1":{"name":"(anonymous_1)","line":8,"loc":{"start":{"line":8,"column":1},"end":{"line":8,"column":26}}},"2":{"name":"(anonymous_2)","line":18,"loc":{"start":{"line":18,"column":8},"end":{"line":18,"column":32}}},"3":{"name":"(anonymous_3)","line":63,"loc":{"start":{"line":63,"column":12},"end":{"line":63,"column":24}}},"4":{"name":"(anonymous_4)","line":90,"loc":{"start":{"line":90,"column":18},"end":{"line":90,"column":31}}},"5":{"name":"(anonymous_5)","line":123,"loc":{"start":{"line":123,"column":27},"end":{"line":123,"column":39}}},"6":{"name":"(anonymous_6)","line":135,"loc":{"start":{"line":135,"column":11},"end":{"line":135,"column":24}}},"7":{"name":"(anonymous_7)","line":144,"loc":{"start":{"line":144,"column":11},"end":{"line":144,"column":23}}}},"statementMap":{"1":{"start":{"line":8,"column":0},"end":{"line":168,"column":4}},"2":{"start":{"line":11,"column":2},"end":{"line":16,"column":38}},"3":{"start":{"line":12,"column":4},"end":{"line":13,"column":50}},"4":{"start":{"line":16,"column":7},"end":{"line":16,"column":38}},"5":{"start":{"line":26,"column":2},"end":{"line":148,"column":5}},"6":{"start":{"line":64,"column":6},"end":{"line":69,"column":11}},"7":{"start":{"line":71,"column":6},"end":{"line":71,"column":28}},"8":{"start":{"line":73,"column":6},"end":{"line":73,"column":40}},"9":{"start":{"line":75,"column":6},"end":{"line":75,"column":18}},"10":{"start":{"line":91,"column":6},"end":{"line":94,"column":7}},"11":{"start":{"line":92,"column":8},"end":{"line":92,"column":27}},"12":{"start":{"line":93,"column":8},"end":{"line":93,"column":28}},"13":{"start":{"line":96,"column":6},"end":{"line":96,"column":29}},"14":{"start":{"line":97,"column":6},"end":{"line":97,"column":31}},"15":{"start":{"line":98,"column":6},"end":{"line":98,"column":48}},"16":{"start":{"line":99,"column":6},"end":{"line":99,"column":47}},"17":{"start":{"line":101,"column":6},"end":{"line":117,"column":56}},"18":{"start":{"line":102,"column":8},"end":{"line":102,"column":60}},"19":{"start":{"line":104,"column":8},"end":{"line":107,"column":9}},"20":{"start":{"line":105,"column":10},"end":{"line":105,"column":29}},"21":{"start":{"line":106,"column":10},"end":{"line":106,"column":30}},"22":{"start":{"line":109,"column":11},"end":{"line":117,"column":56}},"23":{"start":{"line":114,"column":8},"end":{"line":114,"column":48}},"24":{"start":{"line":115,"column":8},"end":{"line":115,"column":31}},"25":{"start":{"line":117,"column":11},"end":{"line":117,"column":56}},"26":{"start":{"line":117,"column":33},"end":{"line":117,"column":56}},"27":{"start":{"line":124,"column":6},"end":{"line":126,"column":7}},"28":{"start":{"line":125,"column":8},"end":{"line":125,"column":47}},"29":{"start":{"line":136,"column":6},"end":{"line":136,"column":29}},"30":{"start":{"line":137,"column":6},"end":{"line":138,"column":45}},"31":{"start":{"line":145,"column":6},"end":{"line":145,"column":40}},"32":{"start":{"line":158,"column":2},"end":{"line":166,"column":5}}},"branchMap":{"1":{"line":11,"type":"if","locations":[{"start":{"line":11,"column":2},"end":{"line":11,"column":2}},{"start":{"line":11,"column":2},"end":{"line":11,"column":2}}]},"2":{"line":91,"type":"if","locations":[{"start":{"line":91,"column":6},"end":{"line":91,"column":6}},{"start":{"line":91,"column":6},"end":{"line":91,"column":6}}]},"3":{"line":91,"type":"binary-expr","locations":[{"start":{"line":91,"column":10},"end":{"line":91,"column":11}},{"start":{"line":91,"column":15},"end":{"line":91,"column":33}}]},"4":{"line":101,"type":"if","locations":[{"start":{"line":101,"column":6},"end":{"line":101,"column":6}},{"start":{"line":101,"column":6},"end":{"line":101,"column":6}}]},"5":{"line":104,"type":"if","locations":[{"start":{"line":104,"column":8},"end":{"line":104,"column":8}},{"start":{"line":104,"column":8},"end":{"line":104,"column":8}}]},"6":{"line":109,"type":"if","locations":[{"start":{"line":109,"column":11},"end":{"line":109,"column":11}},{"start":{"line":109,"column":11},"end":{"line":109,"column":11}}]},"7":{"line":109,"type":"binary-expr","locations":[{"start":{"line":109,"column":15},"end":{"line":109,"column":17}},{"start":{"line":109,"column":21},"end":{"line":109,"column":39}},{"start":{"line":110,"column":16},"end":{"line":110,"column":32}},{"start":{"line":111,"column":16},"end":{"line":111,"column":95}},{"start":{"line":112,"column":16},"end":{"line":112,"column":63}}]},"8":{"line":111,"type":"binary-expr","locations":[{"start":{"line":111,"column":30},"end":{"line":111,"column":69}},{"start":{"line":111,"column":73},"end":{"line":111,"column":75}}]},"9":{"line":117,"type":"if","locations":[{"start":{"line":117,"column":11},"end":{"line":117,"column":11}},{"start":{"line":117,"column":11},"end":{"line":117,"column":11}}]},"10":{"line":124,"type":"if","locations":[{"start":{"line":124,"column":6},"end":{"line":124,"column":6}},{"start":{"line":124,"column":6},"end":{"line":124,"column":6}}]}}}}